20221208	00:01:54	b4b830ab-ce46-4d79-818e-b438b32902f4	GET	/api/v1/vocabulary	undefined
20221208	00:15:05	94712212-e4c5-4216-a4d3-f72055ac94b6	GET	/api/v1/vocabulary	undefined
20221208	00:15:13	970d25fd-e146-4a38-baed-a6f33f38aba9	POST	/api/v1/vocabulary	undefined
20221208	00:15:47	bc0cd5b1-8db5-4e23-9a3c-75b167bc37a1	POST	/api/v1/vocabulary	undefined
20221208	00:17:20	6ab52a3f-7fc6-46cf-a6d7-3195ba30963d	POST	/api/v1/vocabulary	undefined
20221208	00:22:14	92986a51-fd71-4373-a6ec-2a5f0f65fd79	POST	/api/v1/vocabulary	undefined
20221208	00:22:22	b1e3f197-c2c4-46cd-b8d1-138326ef12c2	POST	/api/v1/vocabulary	undefined
20221208	00:27:44	34bd5713-5521-44f9-81ea-f07b9569d426	POST	/api/v1/vocabulary	undefined
20221208	00:28:07	47567cd6-966a-4c82-8781-356d300fc237	POST	/api/v1/vocabulary	undefined
20221208	00:28:28	6ab44156-b430-48e2-a657-b652be8d83c0	POST	/api/v1/vocabulary	undefined
20221208	00:28:39	43df2a64-fa0f-4230-9f8d-6362f0bd1dae	POST	/api/v1/vocabulary	undefined
20221208	00:28:49	18e2a44b-aab4-4bd8-a708-c1c18b45ee27	POST	/api/v1/vocabulary	undefined
20221208	00:29:37	f17fb397-e22c-495e-8016-af3ef280977f	POST	/api/v1/vocabulary	undefined
20221208	00:30:41	f20d77c3-d5fe-4ccc-b18d-e1ad6cdd2947	POST	/api/v1/vocabulary	undefined
20221208	00:31:09	bc9b4fcc-9364-4971-a9de-9879f30b2172	POST	/api/v1/vocabulary	undefined
20221208	00:31:16	ebf9a91f-f9bd-472b-8fbe-586b71746195	POST	/api/v1/vocabulary	undefined
20221208	00:31:29	c2bb5d7e-458b-49c0-bb3e-fe5eb0db4d37	POST	/api/v1/vocabulary	undefined
20221208	00:31:42	5dc0a20e-af7c-48b6-a128-1dd2a091d0c1	POST	/api/v1/vocabulary	undefined
20221208	00:32:40	5052acbc-3a02-44d4-9349-356e3a0dbe76	POST	/api/v1/vocabulary	undefined
20221208	00:32:44	75e94e7c-ee81-46e9-8952-a3115eab0873	POST	/api/v1/vocabulary	undefined
20221208	00:33:26	9631583b-4925-406e-852b-d47b667b15f1	POST	/api/v1/vocabulary	undefined
20221208	00:33:46	8005ca28-0a73-439d-adf7-29889d88ffb9	POST	/api/v1/vocabulary	undefined
20221208	00:34:40	8b5916a8-3a1c-4b3f-89af-9c34a09cca15	POST	/api/v1/vocabulary	undefined
20221208	00:35:13	1d2bbc88-e4a9-49ec-a4d9-9cef514e62c1	POST	/api/v1/vocabulary	undefined
20221208	00:36:03	e2396952-e424-405f-8bf9-5f270fbec065	POST	/api/v1/vocabulary	undefined
20221208	00:36:43	2276f198-86e1-43de-a432-80e77009250a	POST	/api/v1/vocabulary	undefined
20221208	00:37:23	70a34ab4-257b-4a2b-bbea-d8f26bf87eb5	POST	/api/v1/vocabulary	undefined
20221208	00:38:19	b14980b5-0a4b-45c9-97e7-d756de1867fa	POST	/api/v1/vocabulary/slug/getOneBySlug	undefined
20221208	00:38:26	3d1d600a-dc30-4ce5-89c5-c0b88a6eea3b	GET	/api/v1/vocabulary/slug/getOneBySlug	undefined
20221208	00:38:40	9f7c74f9-f909-41e6-b2a6-a279ac3f5ea2	GET	/api/v1/vocabulary/slug/	undefined
20221208	00:38:44	40d5ba2e-360c-4987-8125-f843324478b8	POST	/api/v1/vocabulary/slug/	undefined
20221208	00:38:51	6b8ed2c1-b0b8-49a9-86b2-bfd6fc5b574a	POST	/api/v1/vocabulary	undefined
20221208	00:39:01	21d48783-baf6-4125-8bec-b3dee6704ae0	GET	/api/v1/vocabulary/slug/314_hellog	undefined
20221208	00:41:28	fc3ed42d-30ca-4c31-a67a-392b4b20f52d	GET	/api/v1/vocabulary/pagination	undefined
20221208	00:41:41	037e0024-a4d2-4ade-a1f1-3105e410ef2f	GET	/api/v1/vocabulary/pagination?limit=3	undefined
20221208	00:41:52	ccf70ff7-c177-4d7d-9e8f-71242d4703fb	GET	/api/v1/vocabulary/pagination?limit=3&page=3	undefined
20221208	00:42:21	d3e59338-e6dc-4a0b-a9ce-6cf0a62bd132	GET	/api/v1/vocabulary/pagination?limit=3&page=10	undefined
20221208	00:42:38	2a3cb430-5f8d-485c-8d58-764698deff4e	GET	/api/v1/vocabulary/pagination?limit=3&page=11	undefined
20221208	00:42:48	3896a6e3-f200-45f9-98bb-e79c90a53937	GET	/api/v1/vocabulary/pagination?limit=10&page=11	undefined
20221208	00:42:58	de8f5851-70c0-4c0d-9f85-7933f579be6a	GET	/api/v1/vocabulary/pagination?limit=10&page=4	undefined
20221208	00:43:05	cbc2a3af-07f2-41ea-82f7-8c14d95ccad1	GET	/api/v1/vocabulary/pagination?limit=10&page=3	undefined
